

. import delimited "G:\Mi unidad\Alvacast\SISTRAT 2019 (github)\SUD_CL\CONS_C1_
> df_dup_ENE_2020.csv", delimiter(";") clear 
(116 vars, 118,089 obs)

. 
. cap gen date_in = mdy(real_fech_ing_mes, real_fech_ing_dia, real_fech_ing_ano
> )

. cap gen date_in = mdy(fech_ing_mes, fech_ing_dia, fech_ing_ano)

. 
. generate id_match = _n

. cap drop _id

. dtalink hash_key 25 -25 id 25 -25 sexo 10 0 idcentro 10 0 date_in 30 -30 5, b
> lock(edad) cutoff(70) describe

------------------------------------------------------------------------------
Usage type and variable    |
name                       |    Match weight  No match weight          Caliper
---------------------------+--------------------------------------------------
Blocking variables         |
                      edad |                                                 0
---------------------------+--------------------------------------------------
Caliper matching variables |
                   date_in |              30              -30                5
---------------------------+--------------------------------------------------
Exact matching variables   |
                  hash_key |              25              -25                0
                        id |              25              -25                0
                  idcentro |              10                0                0
                      sexo |              10                0                0
------------------------------------------------------------------------------
Starting 74 blocks for blocking set 1 of 1: edad. Each dot is 1 block.
----+--- 1 ---+--- 2 ---+--- 3 ---+--- 4 ---+--- 5 
..................................................    50
........................
  500 matches were found.

Distribution of matched pair scores, among pairs with score >=70:

Probabilist |
ic matching |
      score |      Freq.
------------+------------+-----------------------------------------------------
      90.00 |         71 |*********
     100.00 |        429 |*****************************************************
------------+------------+-----------------------------------------------------
      Total |        500 
The current configuration of the data is: one row per record.


Description of the new dataset:

Contains data
  obs:       118,203                          
 vars:           122                          
-------------------------------------------------------------------------------
              storage   display    value
variable name   type    format     label      variable label
-------------------------------------------------------------------------------
_matchID        int     %10.0g                Matched set identifier
_id             float   %9.0g                 Row number in original data file
_score          byte    %9.2f                 Probabilistic matching score
_matchflag      byte    %11.0g     _mtchflg   Match indicator
v1              long    %12.0g                
row             long    %12.0g                
table           str10   %10s                  TABLE
hash_key        str32   %32s                  HASH_KEY
ano_bd          int     %8.0g                 
id              str13   %13s                  
nombrecentro    strL    %9s                   Nombre.Centro
tipo_centro     str7    %9s                   
regióndelcentro str43   %43s                  Región.del.Centro
serviciodesalud str26   %26s                  Servicio.de.Salud
tipodeprograma  str28   %28s                  Tipo.de.Programa
tipodeplan      str8    %9s                   Tipo.de.Plan
senda           str2    %9s                   SENDA
dias_trat       str4    %9s                   
nmesesentrata~o int     %8.0g                 
diasensenda     str4    %9s                   Dias.en.SENDA
nmesesensenda   int     %8.0g                 N.Meses.en.SENDA
sexo            str6    %9s                   Sexo
edad            str2    %9s                   Edad
nombreusuario   str6    %9s                   Nombre.Usuario
comunaresiden~a str25   %25s                  Comuna.Residencia
origendeingreso str71   %71s                  Origen.de.Ingreso
paísnacimiento  str21   %21s                  País.Nacimiento
nacionalidad    str25   %25s                  Nacionalidad
etnia           str12   %12s                  Etnia
estadoconyugal  str17   %17s                  Estado.Conyugal
númerodehijos   byte    %8.0g                 Número.de.Hijos
númerodehijos~r str2    %9s                   Número.de.Hijos.Ingreso.Tratamien
                                                > to.Residencial
parentescocon~r str2    %9s                   Parentesco.con.el.Jefe.de.Hogar
numerodetrata~s str2    %9s                   Numero.de.Tratamientos.Anteriores
fechaultimotr~o str16   %16s                  Fecha.Ultimo.Tratamiento
sustanciadein~o strL    %9s                   Sustancia.de.Inicio
edadiniciocon~o str2    %9s                   Edad.Inicio.Consumo
xsetratadeuna~a str2    %9s                   X.Se.trata.de.una.mujer.embarazad
                                                > a.
escolaridadúl~o str28   %28s                  Escolaridad..último.año.cursado.
condicionocup~l str37   %37s                  Condicion.Ocupacional
categoríaocup~l str22   %22s                  Categoría.Ocupacional
rubrotrabaja    str77   %77s                  Rubro.Trabaja
conquiénvive    str54   %54s                  Con.Quién.Vive
tipodevivienda  str27   %27s                  Tipo.de.vivienda
tenenciadelav~a str16   %16s                  Tenencia.de.la.vivienda
sustanciaprin~l strL    %9s                   Sustancia.Principal
otrassustanci~1 strL    %9s                   Otras.Sustancias.nº1
otrassustanci~2 strL    %9s                   Otras.Sustancias.nº2
otrassustanci~3 strL    %9s                   Otras.Sustancias.nº3
frecuenciadec~n str24   %24s                  Frecuencia.de.Consumo..Sustancia.
                                                > Principal.
edadiniciosus~l byte    %8.0g                 Edad.Inicio..Sustancia.Principal.
víaadministra~i str51   %51s                  Vía.Administración..Sustancia.Pri
                                                > ncipal.
diagnósticotr~a str19   %19s                  Diagnóstico.Trs..Consumo.Sustanci
                                                > a
diagnósticotr~v str74   %74s                  Diagnóstico.Trs..Psiquiátrico.DSM
                                                > .IV
diagnósticotr~m strL    %9s                   Diagnóstico.Trs..Psiquiátrico.SUB
                                                > .DSM.IV
x2diagnóstico~i str74   %74s                  X2.Diagnóstico.Trs..Psiquiátrico.
                                                > DSM.IV
x2diagnóstico~d strL    %9s                   X2.Diagnóstico.Trs..Psiquiátrico.
                                                > SUB.DSM.IV
x3diagnóstico~i str74   %74s                  X3.Diagnóstico.Trs..Psiquiátrico.
                                                > DSM.IV
x3diagnóstico~d str73   %73s                  X3.Diagnóstico.Trs..Psiquiátrico.
                                                > SUB.DSM.IV
diagnósticot~10 str93   %93s                  Diagnóstico.Trs..Psiquiátrico.CIE
                                                > .10
diagnósticotr~e strL    %9s                   Diagnóstico.Trs..Psiquiátrico.SUB
                                                > .CIE.10
x2diagnóstico~1 strL    %9s                   X2.Diagnóstico.Trs..Psiquiátrico.
                                                > CIE.10
x2diagnóstico~c strL    %9s                   X2.Diagnóstico.Trs..Psiquiátrico.
                                                > SUB.CIE.10
x3diagnóstico~1 strL    %9s                   X3.Diagnóstico.Trs..Psiquiátrico.
                                                > CIE.10
x3diagnóstico~c strL    %9s                   X3.Diagnóstico.Trs..Psiquiátrico.
                                                > SUB.CIE.10
diagnóstic~sico str62   %62s                  Diagnóstico.Trs..Físico
otrosproblema~m str35   %35s                  Otros.Problemas.de.Atención.de.Sa
                                                > lud.Mental
compromisobio~l str8    %9s                   Compromiso.Biopsicosocial
diagnosticogl~e str12   %12s                  DIAGNOSTICO.GLOBAL.DE.NECESIDADES
                                                > .DE.INTEGRACION.SOCIAL
diagnosticode~r str12   %12s                  DIAGNOSTICO.DE.NECESIDADES.DE.INT
                                                > EGRACIóN.SOCIAL.EN.CAPITAL.HU
                                                > MANO
v67             str12   %12s                  DIAGNOSTICO.DE.NECESIDADES.DE.INT
                                                > EGRACIóN.SOCIAL.EN.CAPITAL.FI
                                                > SICO
v68             str12   %12s                  DIAGNOSTICO.DE.NECESIDADES.DE.INT
                                                > EGRACIóN.SOCIAL.EN.CAPITAL.SO
                                                > CIAL
fech_ing        str10   %10s                  
fechaingresoa~a str10   %10s                  Fecha.Ingreso.a.Convenio.SENDA
usuariodetrib~r str2    %9s                   Usuario.de.Tribunales..Tratamient
                                                > o.Drogas
consentimient~o str2    %9s                   Consentimiento.Informado
fech_egres      str10   %10s                  
motivodeegreso  str18   %18s                  
tipocentroder~n str78   %78s                  Tipo.Centro.Derivación
evaluacindelp~o str16   %16s                  
eva_consumo     str16   %16s                  
eva_fam         str16   %16s                  
eva_relinterp   str16   %16s                  
eva_ocupacion   str16   %16s                  
eva_sm          str16   %16s                  
eva_fisica      str16   %16s                  
eva_transgnorma str16   %16s                  
diagnóstic~rico str2    %9s                   Diagnóstico.Trastorno.Psiquiátric
                                                > o.CIE.10.al.Egreso
v85             str12   %12s                  DIAGNOSTICO.GLOBAL.DE.NECESIDADES
                                                > .DE.INTEGRACION.SOCIAL.1
v86             str12   %12s                  DIAGNOSTICO.DE.NECESIDADES.DE.INT
                                                > EGRACIóN.SOCIAL.EN.CAPITAL.HU
                                                > MANO.1
v87             str12   %12s                  DIAGNOSTICO.DE.NECESIDADES.DE.INT
                                                > EGRACIóN.SOCIAL.EN.CAPITAL.FI
                                                > SICO.1
v88             str12   %12s                  DIAGNOSTICO.DE.NECESIDADES.DE.INT
                                                > EGRACIóN.SOCIAL.EN.CAPITAL.SO
                                                > CIAL.1
tienemenoresd~o str2    %9s                   TIENE.MENORES.DE.EDAD.A.CARGO
motivodeegres~a strL    %9s                   Motivo.de.egreso.Alta.Administrat
                                                > iva
consorcio       strL    %9s                   Consorcio
idcentro        str3    %9s                   ID.centro
haestadoembar~o str2    %9s                   Ha.estado.embarazada.egreso.
identidaddege~o str9    %9s                   identidad.de.genero
discapacidad    str2    %9s                   
hash_rut_comp~o str32   %32s                  
opcióndiscapa~d str21   %21s                  Opción.discapacidad
v98             str6    %9s                   sexo
embarazo        str2    %9s                   
tipo_de_plan    str8    %9s                   
tipo_de_progr~a str28   %28s                  
fech_egres_si~t str11   %11s                  
id_mod          str13   %13s                  
ano_nac         int     %8.0g                 
fech_ing_ano    int     %8.0g                 
fech_ing_mes    byte    %8.0g                 
fech_ing_dia    byte    %8.0g                 
concat          str43   %43s                  
duplicated_ha~e str5    %9s                   duplicated_HASH_date
dup_todo        byte    %8.0g                 
dias_trat_inv   str5    %9s                   
edady           str2    %9s                   Edad.y
sexotop         str6    %9s                   Sexo.TOP
edadtop         str2    %9s                   Edad.TOP
fech_nac        str10   %10s                  
edad_al_ing     str16   %16s                  Edad_al_ing
date_in         float   %9.0g                 
id_match        float   %9.0g                 
-------------------------------------------------------------------------------
Sorted by: _matchID  _id  date_in  hash_key  id  sexo  idcentro
     Note: Dataset has changed since last saved.

. drop if missing(_score)
(117,203 observations deleted)

. 
end of do-file
