

running G:\Mi unidad\Alvacast\SISTRAT 2019 (github)\SUD_CL\profile.do ...


. import delimited "G:\Mi unidad\Alvacast\SISTRAT 2019 (github)\SUD_CL\CONS_C1_
> df_dup_ENE_2020.csv", delimiter(";") clear 
(130 vars, 118,088 obs)

. 
. cap gen date_in = mdy(real_fech_ing_mes, real_fech_ing_dia, real_fech_ing_ano
> )

. cap gen date_in = mdy(fech_ing_mes, fech_ing_dia, fech_ing_ano)

. 
. generate id_match = _n

. cap drop _id

. dtalink hash_key 25 -25 id 25 -25 sexo 10 0 idcentro 10 0 date_in 30 -30 5, b
> lock(edad) cutoff(70)

------------------------------------------------------------------------------
Usage type and variable    |
name                       |    Match weight  No match weight          Caliper
---------------------------+--------------------------------------------------
Blocking variables         |
                      edad |                                                 0
---------------------------+--------------------------------------------------
Caliper matching variables |
                   date_in |              30              -30                5
---------------------------+--------------------------------------------------
Exact matching variables   |
                  hash_key |              25              -25                0
                        id |              25              -25                0
                  idcentro |              10                0                0
                      sexo |              10                0                0
------------------------------------------------------------------------------
Starting 74 blocks for blocking set 1 of 1: edad. Each dot is 1 block.
----+--- 1 ---+--- 2 ---+--- 3 ---+--- 4 ---+--- 5 
..................................................    50
........................
  543 matches were found.

Distribution of matched pair scores, among pairs with score >=70:

Probabilist |
ic matching |
      score |      Freq.
------------+------------+-----------------------------------------------------
      90.00 |         80 |*********
     100.00 |        463 |*****************************************************
------------+------------+-----------------------------------------------------
      Total |        543 
The current configuration of the data is: one row per record.

. drop if missing(_score)
(117,124 observations deleted)

. qui save "G:\Mi unidad\Alvacast\SISTRAT 2019 (github)\Stata Duplicates Match\
> _CONS_C1_df_match70_2020_02_11.dta", replace

. 
end of do-file
